<?xml version="1.0" encoding="UTF-8"?>
<testng-results ignored="0" total="1" passed="1" failed="0" skipped="0">
  <reporter-output>
  </reporter-output>
  <suite started-at="2024-03-01T23:40:46 CST" name="Default suite" finished-at="2024-03-01T23:42:40 CST" duration-ms="114173">
    <groups>
      <group name="cucumber">
        <method signature="AbstractTestNGCucumberTests.feature(cucumber.api.testng.CucumberFeatureWrapper)[pri:0, instance:runners.AddCustomerRunner@4efac082]" name="feature" class="cucumber.api.testng.AbstractTestNGCucumberTests"/>
      </group> <!-- cucumber -->
    </groups>
    <test started-at="2024-03-01T23:40:46 CST" name="Default test" finished-at="2024-03-01T23:42:40 CST" duration-ms="114173">
      <class name="runners.AddCustomerRunner">
        <test-method is-config="true" signature="setUpClass()[pri:0, instance:runners.AddCustomerRunner@4efac082]" started-at="2024-03-01T23:40:46 CST" name="setUpClass" finished-at="2024-03-01T23:40:46 CST" duration-ms="270" status="PASS">
          <reporter-output>
          </reporter-output>
        </test-method> <!-- setUpClass -->
        <test-method signature="feature(cucumber.api.testng.CucumberFeatureWrapper)[pri:0, instance:runners.AddCustomerRunner@4efac082]" started-at="2024-03-01T23:40:46 CST" name="feature" description="Runs Cucumber Feature" data-provider="features" finished-at="2024-03-01T23:42:40 CST" duration-ms="113740" status="PASS">
          <params>
            <param index="0">
              <value>
                <![CDATA[Adding new customer functionality validation]]>
              </value>
            </param>
          </params>
          <reporter-output>
          </reporter-output>
        </test-method> <!-- feature -->
        <test-method is-config="true" signature="tearDownClass()[pri:0, instance:runners.AddCustomerRunner@4efac082]" started-at="2024-03-01T23:42:40 CST" name="tearDownClass" finished-at="2024-03-01T23:42:40 CST" duration-ms="25" status="PASS">
          <reporter-output>
          </reporter-output>
        </test-method> <!-- tearDownClass -->
      </class> <!-- runners.AddCustomerRunner -->
    </test> <!-- Default test -->
  </suite> <!-- Default suite -->
</testng-results>
